[debug] [2025-12-26T14:30:28.670Z] ----------------------------------------------------------------------
[debug] [2025-12-26T14:30:28.672Z] Command:       C:\Program Files\nodejs\node.exe C:\Users\Hossain-Shifat\AppData\Roaming\npm\node_modules\firebase-tools\lib\bin\firebase.js init
[debug] [2025-12-26T14:30:28.673Z] CLI Version:   15.0.0
[debug] [2025-12-26T14:30:28.673Z] Platform:      win32
[debug] [2025-12-26T14:30:28.673Z] Node Version:  v24.12.0
[debug] [2025-12-26T14:30:28.673Z] Time:          Fri Dec 26 2025 20:30:28 GMT+0600 (Bangladesh Standard Time)
[debug] [2025-12-26T14:30:28.673Z] ----------------------------------------------------------------------
[debug] 
[info] 
     ######## #### ########  ######## ########     ###     ######  ########
     ##        ##  ##     ## ##       ##     ##  ##   ##  ##       ##
     ######    ##  ########  ######   ########  #########  ######  ######
     ##        ##  ##    ##  ##       ##     ## ##     ##       ## ##
     ##       #### ##     ## ######## ########  ##     ##  ######  ########

You're about to initialize a Firebase project in this directory:

  E:\Projects\assignment-12

[info] 
=== Project Setup
[info] 
[info] First, let's associate this project directory with a Firebase project.
[info] You can create multiple project aliases by running firebase use --add, 
[info] 
[debug] [2025-12-26T14:31:19.968Z] > command requires scopes: ["email","openid","https://www.googleapis.com/auth/cloudplatformprojects.readonly","https://www.googleapis.com/auth/firebase","https://www.googleapis.com/auth/cloud-platform"]
[debug] [2025-12-26T14:31:19.968Z] > authorizing via signed-in user (hossainshifat222@gmail.com)
[debug] [2025-12-26T14:31:19.969Z] Checked if tokens are valid: true, expires at: 1766762946872
[debug] [2025-12-26T14:31:19.969Z] Checked if tokens are valid: true, expires at: 1766762946872
[debug] [2025-12-26T14:31:19.970Z] >>> [apiv2][query] GET https://firebase.googleapis.com/v1beta1/projects pageSize=100
[debug] [2025-12-26T14:31:20.651Z] <<< [apiv2][status] GET https://firebase.googleapis.com/v1beta1/projects 200
[debug] [2025-12-26T14:31:20.651Z] <<< [apiv2][body] GET https://firebase.googleapis.com/v1beta1/projects [omitted]
[debug] [2025-12-26T14:34:33.858Z] ExitPromptError: User force closed the prompt with SIGINT
    at Interface.sigint (C:\Users\Hossain-Shifat\AppData\Roaming\npm\node_modules\firebase-tools\node_modules\@inquirer\core\dist\commonjs\lib\create-prompt.js:101:37)
    at Interface.emit (node:events:508:28)
    at [_ttyWrite] [as _ttyWrite] (node:internal/readline/interface:1327:18)
    at ReadStream.onkeypress (node:internal/readline/interface:284:20)
    at ReadStream.emit (node:events:520:35)
    at emitKeys (node:internal/readline/utils:371:14)
    at emitKeys.next (<anonymous>)
    at ReadStream.onData (node:internal/readline/emitKeypressEvents:64:36)
    at ReadStream.emit (node:events:508:28)
    at addChunk (node:internal/streams/readable:559:12)
[error] 
[error] Error: An unexpected error has occurred.
